Oct 22, 2017 9:15:23 PM datanode.HeartBeat <init>
INFO: 
NameNode Ip: 10.1.134.48
Interval: 5000
Oct 22, 2017 9:15:23 PM datanode.DataNodeDriver main
INFO: [Block Report] Status : spawned

Oct 22, 2017 9:15:23 PM datanode.BlockReport run
INFO: [NameNode Ip] 10.1.134.48 [NameNode key ] namenode[Default Storage ] /home/diptam/HDFS_Storage/
Oct 22, 2017 9:15:23 PM datanode.HeartBeat run
INFO: [NameNode Ip] 10.1.134.48 [NameNode key ] namenode
Oct 22, 2017 9:15:23 PM datanode.DataNodeDriver main
INFO: [Heart Beat] Status : spawned

Oct 22, 2017 9:15:23 PM datanode.BlockReport run
WARNING: [Sending to NN] [11, 19, 41, 22, 8, 37, 12, 39, 25, 10, 36, 33, 9, 21, 35, 40, 20, 24, 27, 32, 29, 15, 16, 18, 14, 28, 38, 7, 23, 31, 17, 34, 26, 30, 13]
Oct 22, 2017 9:15:23 PM remote.rmi.Server listen
INFO: Registry bind done successfully.
Oct 22, 2017 9:15:23 PM datanode.HeartBeat run
INFO: [Received Heartbeat Response] Status: true
Oct 22, 2017 9:15:23 PM datanode.RecoveryManager remove
INFO: [Deleted chunk]
Oct 22, 2017 9:15:23 PM datanode.RecoveryManager remove
INFO: [Deleted chunk]
Oct 22, 2017 9:15:28 PM datanode.HeartBeat run
INFO: [Received Heartbeat Response] Status: true
